<?xml version="1.0" encoding="UTF-8"?>
<testng-results skipped="0" failed="0" ignored="0" total="1" passed="1">
  <reporter-output>
  </reporter-output>
  <suite name="com.restAssured.test.restAssured_test_project.SampleTest" duration-ms="2566" started-at="2020-05-12T00:49:15 CDT" finished-at="2020-05-12T00:49:18 CDT">
    <groups>
    </groups>
    <test name="Command line test" duration-ms="2566" started-at="2020-05-12T00:49:15 CDT" finished-at="2020-05-12T00:49:18 CDT">
      <class name="com.restAssured.test.restAssured_test_project.SampleTest">
        <test-method status="PASS" signature="sampleLogin()[pri:0, instance:com.restAssured.test.restAssured_test_project.SampleTest@2b98378d]" name="sampleLogin" duration-ms="2506" started-at="2020-05-12T00:49:15 CDT" finished-at="2020-05-12T00:49:18 CDT">
          <reporter-output>
          </reporter-output>
        </test-method> <!-- sampleLogin -->
      </class> <!-- com.restAssured.test.restAssured_test_project.SampleTest -->
    </test> <!-- Command line test -->
  </suite> <!-- com.restAssured.test.restAssured_test_project.SampleTest -->
</testng-results>
